1552466416925	mozrunner::runner	INFO	Running command: "C:\\Program Files (x86)\\Mozilla Firefox\\firefox.exe" "-marionette" "-foreground" "-no-remote" "-profile" "C:\\Users\\P007-13\\AppData\\Local\\Temp\\rust_mozprofile.hTW6qO90B1Ht"
1552466417673	Marionette	INFO	Enabled via --marionette
1552466419834	Marionette	INFO	Listening on port 53105
1552466420144	Marionette	WARN	TLS certificate errors will be ignored for this session
1552466420207	Marionette	DEBUG	Register listener.js for window 4294967297
Unable to read VR Path Registry from C:\Users\P007-13\AppData\Local\openvr\openvrpaths.vrpath
[Child 10976, Chrome_ChildThread] WARNING: pipe error: 109: file z:/build/build/src/ipc/chromium/src/chrome/common/ipc_channel_win.cc, line 346
[Child 10976, Chrome_ChildThread] WARNING: pipe error: 109: file z:/build/build/src/ipc/chromium/src/chrome/common/ipc_channel_win.cc, line 346
Unable to read VR Path Registry from C:\Users\P007-13\AppData\Local\openvr\openvrpaths.vrpath
[Child 12576, Chrome_ChildThread] WARNING: pipe error: 109: file z:/build/build/src/ipc/chromium/src/chrome/common/ipc_channel_win.cc, line 346
[Child 12576, Chrome_ChildThread] WARNING: pipe error: 109: file z:/build/build/src/ipc/chromium/src/chrome/common/ipc_channel_win.cc, line 346
Unable to read VR Path Registry from C:\Users\P007-13\AppData\Local\openvr\openvrpaths.vrpath
1552466551573	mozrunner::runner	INFO	Running command: "C:\\Program Files (x86)\\Mozilla Firefox\\firefox.exe" "-marionette" "-foreground" "-no-remote" "-profile" "C:\\Users\\P007-13\\AppData\\Local\\Temp\\rust_mozprofile.WdqWtECQtO0Y"
1552466552335	Marionette	INFO	Enabled via --marionette
Unable to read VR Path Registry from C:\Users\P007-13\AppData\Local\openvr\openvrpaths.vrpath
[Child 11916, Chrome_ChildThread] WARNING: pipe error: 109: file z:/build/build/src/ipc/chromium/src/chrome/common/ipc_channel_win.cc, line 346
[Child 11916, Chrome_ChildThread] WARNING: pipe error: 109: file z:/build/build/src/ipc/chromium/src/chrome/common/ipc_channel_win.cc, line 346
1552466554458	Marionette	INFO	Listening on port 53149
1552466554813	Marionette	WARN	TLS certificate errors will be ignored for this session
1552466554872	Marionette	DEBUG	Register listener.js for window 4294967297
1552466554901	Marionette	DEBUG	Received DOM event "beforeunload" for "about:blank"
1552466555057	Marionette	DEBUG	Received DOM event "pagehide" for "about:blank"
1552466555057	Marionette	DEBUG	Received DOM event "unload" for "about:blank"
1552466555840	Marionette	DEBUG	Received DOM event "DOMContentLoaded" for "http://211.145.72.68:8080/forecom/login.shtml?ref_url=%2Fforecom%2Fmember%2Fmember_mgr.shtml%3F&layout=&goback="
1552466557113	Marionette	DEBUG	Received DOM event "pageshow" for "http://211.145.72.68:8080/forecom/login.shtml?ref_url=%2Fforecom%2Fmember%2Fmember_mgr.shtml%3F&layout=&goback="
Unable to read VR Path Registry from C:\Users\P007-13\AppData\Local\openvr\openvrpaths.vrpath
[Parent 872, Gecko_IOThread] WARNING: pipe error: 109: file z:/build/build/src/ipc/chromium/src/chrome/common/ipc_channel_win.cc, line 346
Unable to read VR Path Registry from C:\Users\P007-13\AppData\Local\openvr\openvrpaths.vrpath
[Child 13280, Chrome_ChildThread] WARNING: pipe error: 109: file z:/build/build/src/ipc/chromium/src/chrome/common/ipc_channel_win.cc, line 346
[Child 13280, Chrome_ChildThread] WARNING: pipe error: 109: file z:/build/build/src/ipc/chromium/src/chrome/common/ipc_channel_win.cc, line 346
Unable to read VR Path Registry from C:\Users\P007-13\AppData\Local\openvr\openvrpaths.vrpath
[Child 12720, Chrome_ChildThread] WARNING: pipe error: 109: file z:/build/build/src/ipc/chromium/src/chrome/common/ipc_channel_win.cc, line 346
[Child 12720, Chrome_ChildThread] WARNING: pipe error: 109: file z:/build/build/src/ipc/chromium/src/chrome/common/ipc_channel_win.cc, line 346
*** UTM:SVC TimerManager:registerTimer called after profile-before-change notification. Ignoring timer registration for id: telemetry_modules_ping
